
> sih2022@0.1.0 start
> react-scripts start

Browserslist: caniuse-lite is outdated. Please run:
  npx update-browserslist-db@latest
  Why you should do it regularly: https://github.com/browserslist/update-db#readme
(node:83960) [DEP_WEBPACK_DEV_SERVER_ON_AFTER_SETUP_MIDDLEWARE] DeprecationWarning: 'onAfterSetupMiddleware' option is deprecated. Please use the 'setupMiddlewares' option.
(Use `node --trace-deprecation ...` to show where the warning was created)
(node:83960) [DEP_WEBPACK_DEV_SERVER_ON_BEFORE_SETUP_MIDDLEWARE] DeprecationWarning: 'onBeforeSetupMiddleware' option is deprecated. Please use the 'setupMiddlewares' option.
Starting the development server...

Compiled successfully!

You can now view sih2022 in the browser.

  Local:            http://localhost:3002
  On Your Network:  http://192.168.43.123:3002

Note that the development build is not optimized.
To create a production build, use yarn build.

assets by info 3.8 MiB [immutable]
  assets by path static/media/*.png 3.6 MiB 15 assets
  asset static/media/bg_1.e424ac9754b8f1cfa434.webp 184 KiB [emitted] [immutable] [from: src/img/bg_1.webp] (auxiliary name: main)
  asset static/media/emblem-india.0999741c8486c48eac2d.jpeg 22.1 KiB [emitted] [immutable] [from: src/img/emblem-india.jpeg] (auxiliary name: main)
  asset static/media/view.a84828d4299acd6f6e4b 619 bytes [emitted] [immutable] [from: src/img/view] (auxiliary name: main)
assets by path static/media/*.svg 96.2 KiB
  asset static/media/India Government-06.20c7e988a8ccf4fcd4e03cece4687588.svg 54.6 KiB [emitted] (auxiliary name: main)
  asset static/media/people.dd09f4fffa464a5891b88938c2cb41ad.svg 33.8 KiB [emitted] (auxiliary name: main)
  asset static/media/instagram.2c08ca7d619122dd24e28a6d7e3e25cd.svg 3.23 KiB [emitted] (auxiliary name: main)
  asset static/media/whatsapp.6e70fb90799be72ad8ef2935652c2cdf.svg 2.54 KiB [emitted] (auxiliary name: main)
  asset static/media/youtube.962fefb78934614374bb3ca65989e7c3.svg 901 bytes [emitted] (auxiliary name: main)
  + 2 assets
asset static/js/bundle.js 6.2 MiB [emitted] (name: main) 1 related asset
asset index.html 2.53 KiB [emitted]
asset asset-manifest.json 2.23 KiB [emitted]
cached modules 6.62 MiB (javascript) 3.8 MiB (asset) [cached] 2260 modules
runtime modules 28.3 KiB 14 modules
webpack 5.68.0 compiled successfully in 10254 ms
